[15:47:36] [OK] Found: D:\ShaelvienOS_Portable\portable\assets\favicon.png
[15:47:36] [OK] Found: D:\ShaelvienOS_Portable\portable\assets\glyph_table.json
[15:47:36] [OK] Found: D:\ShaelvienOS_Portable\portable\license.txt
[15:47:36] [INFO] File structure validation complete.
[15:47:36] [INFO] ShaelvienOS v5.0.0 started successfully.
[15:47:36] [WARN] Missing D:\ShaelvienOS_Portable\portable\shaelvien_daemon.exe
[15:47:36] [WARN] Missing D:\ShaelvienOS_Portable\portable\shaelvien_tray.exe
[15:47:39] [WARN] Missing D:\ShaelvienOS_Portable\portable\shaelvien_daemon.exe
[15:47:39] [WARN] Missing D:\ShaelvienOS_Portable\portable\shaelvien_tray.exe
[15:47:42] [WARN] Missing D:\ShaelvienOS_Portable\portable\shaelvien_daemon.exe
[15:47:43] [WARN] Missing D:\ShaelvienOS_Portable\portable\shaelvien_tray.exe
[15:47:46] [WARN] Missing D:\ShaelvienOS_Portable\portable\shaelvien_daemon.exe
[15:47:46] [WARN] Missing D:\ShaelvienOS_Portable\portable\shaelvien_tray.exe
[15:47:49] [WARN] Missing D:\ShaelvienOS_Portable\portable\shaelvien_daemon.exe
[15:47:49] [WARN] Missing D:\ShaelvienOS_Portable\portable\shaelvien_tray.exe
[15:47:52] [WARN] Missing D:\ShaelvienOS_Portable\portable\shaelvien_daemon.exe
[15:47:52] [WARN] Missing D:\ShaelvienOS_Portable\portable\shaelvien_tray.exe
[15:47:55] [WARN] Missing D:\ShaelvienOS_Portable\portable\shaelvien_daemon.exe
[15:47:55] [WARN] Missing D:\ShaelvienOS_Portable\portable\shaelvien_tray.exe
[15:47:58] [WARN] Missing D:\ShaelvienOS_Portable\portable\shaelvien_daemon.exe
[15:47:58] [WARN] Missing D:\ShaelvienOS_Portable\portable\shaelvien_tray.exe
[15:48:01] [WARN] Missing D:\ShaelvienOS_Portable\portable\shaelvien_daemon.exe
[15:48:01] [WARN] Missing D:\ShaelvienOS_Portable\portable\shaelvien_tray.exe
[15:48:04] [WARN] Missing D:\ShaelvienOS_Portable\portable\shaelvien_daemon.exe
[15:48:04] [WARN] Missing D:\ShaelvienOS_Portable\portable\shaelvien_tray.exe
[15:48:07] [WARN] Missing D:\ShaelvienOS_Portable\portable\shaelvien_daemon.exe
[15:48:07] [WARN] Missing D:\ShaelvienOS_Portable\portable\shaelvien_tray.exe
[15:48:10] [WARN] Missing D:\ShaelvienOS_Portable\portable\shaelvien_daemon.exe
[15:48:10] [WARN] Missing D:\ShaelvienOS_Portable\portable\shaelvien_tray.exe
[15:48:13] [WARN] Missing D:\ShaelvienOS_Portable\portable\shaelvien_daemon.exe
[15:48:13] [WARN] Missing D:\ShaelvienOS_Portable\portable\shaelvien_tray.exe
[15:48:16] [WARN] Missing D:\ShaelvienOS_Portable\portable\shaelvien_daemon.exe
[15:48:16] [WARN] Missing D:\ShaelvienOS_Portable\portable\shaelvien_tray.exe
[15:48:19] [WARN] Missing D:\ShaelvienOS_Portable\portable\shaelvien_daemon.exe
[15:48:19] [WARN] Missing D:\ShaelvienOS_Portable\portable\shaelvien_tray.exe
[15:48:22] [WARN] Missing D:\ShaelvienOS_Portable\portable\shaelvien_daemon.exe
[15:48:22] [WARN] Missing D:\ShaelvienOS_Portable\portable\shaelvien_tray.exe
[15:48:25] [WARN] Missing D:\ShaelvienOS_Portable\portable\shaelvien_daemon.exe
[15:48:25] [WARN] Missing D:\ShaelvienOS_Portable\portable\shaelvien_tray.exe
[15:48:28] [WARN] Missing D:\ShaelvienOS_Portable\portable\shaelvien_daemon.exe
[15:48:28] [WARN] Missing D:\ShaelvienOS_Portable\portable\shaelvien_tray.exe
[15:48:31] [WARN] Missing D:\ShaelvienOS_Portable\portable\shaelvien_daemon.exe
[15:48:31] [WARN] Missing D:\ShaelvienOS_Portable\portable\shaelvien_tray.exe
[15:48:34] [WARN] Missing D:\ShaelvienOS_Portable\portable\shaelvien_daemon.exe
[15:48:34] [WARN] Missing D:\ShaelvienOS_Portable\portable\shaelvien_tray.exe
[15:48:37] [WARN] Missing D:\ShaelvienOS_Portable\portable\shaelvien_daemon.exe
[15:48:37] [WARN] Missing D:\ShaelvienOS_Portable\portable\shaelvien_tray.exe
[15:48:38] [INFO] Exiting launcher and all subsystems.
