2025-10-21 09:55:29,389 [WARNING] SUCCESS: Tray started.
2025-10-21 17:27:04,601 [WARNING] SUCCESS: Tray started.
2025-10-21 17:28:57,916 [WARNING] SUCCESS: Tray started.
2025-10-21 17:38:18,889 [WARNING] SUCCESS: Tray started.
2025-10-21 17:49:15,639 [WARNING] SUCCESS: Tray started.
2025-10-21 17:51:45,172 [WARNING] SUCCESS: Tray started.
2025-10-21 17:55:01,098 [WARNING] SUCCESS: Tray started.
2025-10-21 17:56:27,561 [WARNING] SUCCESS: Tray started.
2025-10-21 18:07:43,694 [WARNING] SUCCESS: Tray started.
2025-10-21 18:14:44,663 [WARNING] SUCCESS: Tray started.
2025-10-21 18:15:00,375 [WARNING] SUCCESS: Focus → spark
2025-10-21 18:15:04,947 [WARNING] SUCCESS: Focus → spark
2025-10-21 18:15:09,390 [WARNING] SUCCESS: Focus → solar
2025-10-21 18:17:33,766 [WARNING] SUCCESS: Tray started.
2025-10-21 18:17:46,674 [WARNING] SUCCESS: Focus → solar
2025-10-21 18:17:50,658 [WARNING] SUCCESS: Focus → lunar
2025-10-21 18:17:54,901 [WARNING] SUCCESS: Toggled glyphMode → False
2025-10-21 18:17:58,296 [WARNING] SUCCESS: Toggled glyphMode → True
2025-10-21 18:22:16,941 [WARNING] SUCCESS: Tray started.
2025-10-21 18:22:54,103 [WARNING] SUCCESS: Tray started.
2025-10-21 18:23:38,058 [WARNING] SUCCESS: Toggled glyphMode → False
2025-10-21 18:23:43,158 [WARNING] SUCCESS: Toggled glyphMode → True
2025-10-21 18:23:46,566 [WARNING] SUCCESS: Focus → solar
2025-10-21 18:26:17,409 [WARNING] SUCCESS: Tray started.
2025-10-21 18:26:36,316 [WARNING] SUCCESS: Focus → lunar
2025-10-21 18:26:40,620 [WARNING] SUCCESS: Focus → spark
2025-10-21 18:29:28,193 [WARNING] SUCCESS: Tray started.
2025-10-21 18:29:48,619 [WARNING] SUCCESS: Focus → solar
2025-10-21 18:33:05,864 [WARNING] SUCCESS: Tray started.
2025-10-21 18:33:27,610 [WARNING] SUCCESS: Focus → lunar
2025-10-21 18:36:46,298 [WARNING] SUCCESS: Tray started.
2025-10-21 18:37:07,762 [WARNING] SUCCESS: Toggled showLinks → False
2025-10-21 18:37:12,464 [WARNING] SUCCESS: Toggled showLinks → True
2025-10-21 18:37:16,347 [WARNING] SUCCESS: Toggled simpleAnim → False
2025-10-21 18:37:21,343 [WARNING] SUCCESS: Toggled simpleAnim → True
2025-10-21 18:37:25,702 [WARNING] SUCCESS: Focus → lunar
2025-10-21 18:37:30,975 [WARNING] SUCCESS: Focus → spark
2025-10-21 18:39:48,076 [WARNING] SUCCESS: Tray started.
2025-10-21 18:39:50,853 [WARNING] SUCCESS: Tray started.
2025-10-21 18:39:58,858 [WARNING] SUCCESS: Tray started.
2025-10-21 18:40:14,828 [WARNING] SUCCESS: Tray started.
2025-10-21 18:40:28,862 [WARNING] SUCCESS: Tray started.
2025-10-21 18:41:38,952 [ERROR] POST http://127.0.0.1:8787/control failed: <urlopen error timed out>
2025-10-21 18:41:38,952 [WARNING] SUCCESS: Toggled simpleAnim → True
2025-10-21 18:42:58,136 [WARNING] SUCCESS: Tray started.
2025-10-21 18:52:16,373 [WARNING] SUCCESS: Tray started.
2025-10-21 18:52:43,605 [WARNING] SUCCESS: Tray started.
2025-10-21 18:53:58,388 [WARNING] SUCCESS: Tray started.
2025-10-21 19:12:30,306 [WARNING] SUCCESS: Tray started.
2025-10-21 19:15:59,281 [WARNING] SUCCESS: Tray started.
2025-10-21 19:19:35,531 [WARNING] SUCCESS: Tray started.
2025-10-21 19:22:39,905 [WARNING] SUCCESS: Tray started.
2025-10-21 19:39:58,803 [WARNING] SUCCESS: Tray started.
2025-10-21 19:46:19,977 [WARNING] SUCCESS: Tray started.
2025-10-21 19:49:32,503 [WARNING] SUCCESS: Tray started.
2025-10-21 19:52:54,554 [WARNING] SUCCESS: Tray started.
2025-10-21 19:55:39,751 [WARNING] SUCCESS: Tray started.
2025-10-21 20:04:07,952 [WARNING] SUCCESS: Tray started.
2025-10-21 20:06:10,965 [WARNING] SUCCESS: Toggled simpleAnim → True
2025-10-21 20:06:17,337 [WARNING] SUCCESS: Daemon restart triggered.
2025-10-21 20:08:14,238 [WARNING] SUCCESS: Tray started.
2025-10-21 20:17:58,098 [WARNING] SUCCESS: Tray started.
2025-10-21 20:21:57,328 [WARNING] SUCCESS: Tray started.
2025-10-21 20:26:49,700 [WARNING] SUCCESS: Tray started.
2025-10-21 20:27:53,894 [WARNING] SUCCESS: Tray started.
2025-10-21 20:33:45,769 [WARNING] SUCCESS: Tray started.
2025-10-21 23:44:18,999 [WARNING] SUCCESS: Tray started.
2025-10-22 11:59:22,783 [WARNING] SUCCESS: Tray started.
2025-10-22 12:21:32,117 [WARNING] SUCCESS: Tray started.
2025-10-22 12:25:41,874 [WARNING] SUCCESS: Tray started.
2025-10-22 12:27:04,835 [ERROR] POST http://127.0.0.1:8787/control failed: HTTP Error 404: Not Found
2025-10-22 12:27:04,835 [WARNING] SUCCESS: Toggled simpleAnim → True
2025-10-22 12:27:08,087 [ERROR] POST http://127.0.0.1:8787/control failed: HTTP Error 404: Not Found
2025-10-22 12:27:08,088 [WARNING] SUCCESS: Toggled simpleAnim → False
2025-10-22 12:37:00,464 [WARNING] SUCCESS: Tray started.
2025-10-22 12:37:30,691 [WARNING] SUCCESS: Tray started.
